<?xml version="1.0" encoding="UTF-8" standalone="no"?><testsuite errors="0" failures="1" name="Funcionalidad del modulo Buzz en OrangeHRM" skipped="0" tests="1" time="0.69" timestamp="2025-07-10 03:08:30"><testcase name="Publicar una nota de texto en el muro"><failure message="&#10;Expected: &lt;true&gt;&#10;     but: was &lt;false&gt;" type="java.lang.AssertionError">
Expected: &lt;true&gt;
     but: was &lt;false&gt;</failure><system-err>
Expected: &lt;true&gt;
     but: was &lt;false&gt;
co.edu.udea.buzz.stepdefinitions.buzzStepDefinition.veo(buzzStepDefinition.java:61)
worker.org.gradle.process.internal.worker.GradleWorkerMain.run(GradleWorkerMain.java:69)
worker.org.gradle.process.internal.worker.GradleWorkerMain.main(GradleWorkerMain.java:74)
</system-err></testcase></testsuite>